09:27:22 [main] INFO  c.c.w.WhatsappChatbotApplication - Starting WhatsappChatbotApplication using Java 17.0.18 with PID 17104 (C:\Users\rishi\OneDrive\Desktop\Projects\whatsapp-chatbot\target\classes started by rishi in C:\Users\rishi\OneDrive\Desktop\Projects\whatsapp-chatbot)
09:27:22 [main] INFO  c.c.w.WhatsappChatbotApplication - No active profile set, falling back to 1 default profile: "default"
09:27:24 [main] INFO  o.s.b.w.e.tomcat.TomcatWebServer - Tomcat initialized with port 8080 (http)
09:27:24 [main] INFO  o.a.coyote.http11.Http11NioProtocol - Initializing ProtocolHandler ["http-nio-8080"]
09:27:24 [main] INFO  o.a.catalina.core.StandardService - Starting service [Tomcat]
09:27:24 [main] INFO  o.a.catalina.core.StandardEngine - Starting Servlet engine: [Apache Tomcat/10.1.54]
09:27:24 [main] INFO  o.a.c.c.C.[Tomcat].[localhost].[/] - Initializing Spring embedded WebApplicationContext
09:27:24 [main] INFO  o.s.b.w.s.c.ServletWebServerApplicationContext - Root WebApplicationContext: initialization completed in 2089 ms
09:27:24 [main] INFO  o.a.coyote.http11.Http11NioProtocol - Starting ProtocolHandler ["http-nio-8080"]
09:27:25 [main] INFO  o.s.b.w.e.tomcat.TomcatWebServer - Tomcat started on port 8080 (http) with context path '/'
09:27:25 [main] INFO  c.c.w.WhatsappChatbotApplication - Started WhatsappChatbotApplication in 3.842 seconds (process running for 5.099)
09:27:37 [http-nio-8080-exec-1] INFO  o.a.c.c.C.[Tomcat].[localhost].[/] - Initializing Spring DispatcherServlet 'dispatcherServlet'
09:27:37 [http-nio-8080-exec-1] INFO  o.s.web.servlet.DispatcherServlet - Initializing Servlet 'dispatcherServlet'
09:27:37 [http-nio-8080-exec-1] INFO  o.s.web.servlet.DispatcherServlet - Completed initialization in 1 ms
09:27:37 [http-nio-8080-exec-1] INFO  c.c.w.service.ChatbotService - Incoming message from Rishit:Hi
09:27:37 [http-nio-8080-exec-1] INFO  c.c.w.service.ChatbotService - Reply sent to Rishit: Hello!
09:28:12 [http-nio-8080-exec-6] INFO  c.c.w.service.ChatbotService - Incoming message from Rishit:Bye
09:28:12 [http-nio-8080-exec-6] INFO  c.c.w.service.ChatbotService - Reply sent to Rishit: Goodbye!
09:28:20 [http-nio-8080-exec-4] INFO  c.c.w.service.ChatbotService - Incoming message from Rishit:help
09:28:20 [http-nio-8080-exec-4] INFO  c.c.w.service.ChatbotService - Reply sent to Rishit: Available commands: Hi, Bye, Help
09:28:40 [http-nio-8080-exec-8] INFO  c.c.w.service.ChatbotService - Incoming message from Rishit:Good morning! How can I assist you today?
09:28:40 [http-nio-8080-exec-8] INFO  c.c.w.service.ChatbotService - Reply sent to Rishit: Sorry, I didn't understand that. Type 'Help' for available commands.
09:28:55 [http-nio-8080-exec-2] INFO  c.c.w.service.ChatbotService - Incoming message from Rishit:Hi
09:28:55 [http-nio-8080-exec-2] INFO  c.c.w.service.ChatbotService - Reply sent to Rishit: Hello!
09:29:32 [SpringApplicationShutdownHook] INFO  o.s.b.w.e.tomcat.GracefulShutdown - Commencing graceful shutdown. Waiting for active requests to complete
09:29:32 [tomcat-shutdown] INFO  o.s.b.w.e.tomcat.GracefulShutdown - Graceful shutdown complete
09:31:40 [main] INFO  o.s.t.c.s.AnnotationConfigContextLoaderUtils - Could not detect default configuration classes for test class [com.chatbot.whatsapp_chatbot.WhatsappChatbotApplicationTests]: WhatsappChatbotApplicationTests does not declare any static, non-private, non-final, nested classes annotated with @Configuration.
09:31:40 [main] INFO  o.s.b.t.c.SpringBootTestContextBootstrapper - Found @SpringBootConfiguration com.chatbot.whatsapp_chatbot.WhatsappChatbotApplication for test class com.chatbot.whatsapp_chatbot.WhatsappChatbotApplicationTests
09:31:41 [main] INFO  c.c.w.WhatsappChatbotApplicationTests - Starting WhatsappChatbotApplicationTests using Java 17.0.18 with PID 10576 (started by rishi in C:\Users\rishi\OneDrive\Desktop\Projects\whatsapp-chatbot)
09:31:41 [main] INFO  c.c.w.WhatsappChatbotApplicationTests - No active profile set, falling back to 1 default profile: "default"
09:31:44 [main] INFO  c.c.w.WhatsappChatbotApplicationTests - Started WhatsappChatbotApplicationTests in 3.075 seconds (process running for 5.465)
